<?xml version="1.0" encoding="UTF-8"?>
<testsuite name="com.epam.esm.DAO.giftCertificate.GiftCertificateDAOImplTest" tests="13" skipped="0" failures="0" errors="0" timestamp="2022-11-25T09:32:44" hostname="WIN-M8EMV3DUNBU" time="1.595">
  <properties/>
  <testcase name="connectWithTag()" classname="com.epam.esm.DAO.giftCertificate.GiftCertificateDAOImplTest" time="0.718"/>
  <testcase name="searchByFilters()" classname="com.epam.esm.DAO.giftCertificate.GiftCertificateDAOImplTest" time="0.295"/>
  <testcase name="findAll()" classname="com.epam.esm.DAO.giftCertificate.GiftCertificateDAOImplTest" time="0.05"/>
  <testcase name="update()" classname="com.epam.esm.DAO.giftCertificate.GiftCertificateDAOImplTest" time="0.052"/>
  <testcase name="getById()" classname="com.epam.esm.DAO.giftCertificate.GiftCertificateDAOImplTest" time="0.048"/>
  <testcase name="save()" classname="com.epam.esm.DAO.giftCertificate.GiftCertificateDAOImplTest" time="0.041"/>
  <testcase name="existsById()" classname="com.epam.esm.DAO.giftCertificate.GiftCertificateDAOImplTest" time="0.053"/>
  <testcase name="getByName()" classname="com.epam.esm.DAO.giftCertificate.GiftCertificateDAOImplTest" time="0.041"/>
  <testcase name="existByNameAndIdNotEquals()" classname="com.epam.esm.DAO.giftCertificate.GiftCertificateDAOImplTest" time="0.043"/>
  <testcase name="existByGiftCertificateIdAndTagId()" classname="com.epam.esm.DAO.giftCertificate.GiftCertificateDAOImplTest" time="0.088"/>
  <testcase name="existByName()" classname="com.epam.esm.DAO.giftCertificate.GiftCertificateDAOImplTest" time="0.056"/>
  <testcase name="deleteById()" classname="com.epam.esm.DAO.giftCertificate.GiftCertificateDAOImplTest" time="0.041"/>
  <testcase name="deleteConnection()" classname="com.epam.esm.DAO.giftCertificate.GiftCertificateDAOImplTest" time="0.057"/>
  <system-out><![CDATA[1
]]></system-out>
  <system-err><![CDATA[Nov 25, 2022 2:32:43 PM org.springframework.test.context.support.AbstractTestContextBootstrapper getDefaultTestExecutionListenerClassNames
INFO: Loaded default TestExecutionListener class names from location [META-INF/spring.factories]: [org.springframework.test.context.web.ServletTestExecutionListener, org.springframework.test.context.support.DirtiesContextBeforeModesTestExecutionListener, org.springframework.test.context.event.ApplicationEventsTestExecutionListener, org.springframework.test.context.support.DependencyInjectionTestExecutionListener, org.springframework.test.context.support.DirtiesContextTestExecutionListener, org.springframework.test.context.transaction.TransactionalTestExecutionListener, org.springframework.test.context.jdbc.SqlScriptsTestExecutionListener, org.springframework.test.context.event.EventPublishingTestExecutionListener]
Nov 25, 2022 2:32:43 PM org.springframework.test.context.support.AbstractTestContextBootstrapper getTestExecutionListeners
INFO: Using TestExecutionListeners: [org.springframework.test.context.support.DirtiesContextBeforeModesTestExecutionListener@6ee5f485, org.springframework.test.context.event.ApplicationEventsTestExecutionListener@20d19f2c, org.springframework.test.context.support.DependencyInjectionTestExecutionListener@45592af7, org.springframework.test.context.support.DirtiesContextTestExecutionListener@77b5148c, org.springframework.test.context.transaction.TransactionalTestExecutionListener@36359723, org.springframework.test.context.jdbc.SqlScriptsTestExecutionListener@1ab14636, org.springframework.test.context.event.EventPublishingTestExecutionListener@16b3c905]
]]></system-err>
</testsuite>
